d:\gaojie\计算器\mfcapplication9\mfcapplication9\debug\vc141.pdb
d:\gaojie\计算器\mfcapplication9\mfcapplication9\debug\vc141.idb
d:\gaojie\计算器\mfcapplication9\mfcapplication9\debug\tabsheet.obj
d:\gaojie\计算器\mfcapplication9\mfcapplication9\debug\mfcapplication9dlg.obj
d:\gaojie\计算器\mfcapplication9\mfcapplication9\debug\mfcapplication9.obj
d:\gaojie\计算器\mfcapplication9\mfcapplication9\debug\cdlg2.obj
d:\gaojie\计算器\mfcapplication9\mfcapplication9\debug\cdlg1.obj
d:\gaojie\计算器\mfcapplication9\mfcapplication9\debug\mfcapplication9.pch
d:\gaojie\计算器\mfcapplication9\mfcapplication9\debug\stdafx.obj
d:\gaojie\计算器\mfcapplication9\mfcapplication9\debug\cdlg3.obj
d:\gaojie\计算器\mfcapplication9\debug\mfcapplication9.exe
d:\gaojie\计算器\mfcapplication9\debug\mfcapplication9.ilk
d:\gaojie\计算器\mfcapplication9\debug\mfcapplication9.pdb
d:\gaojie\计算器\mfcapplication9\mfcapplication9\debug\mfcapplication9.res
d:\gaojie\计算器\mfcapplication9\mfcapplication9\debug\mfcapplication9.tlog\cl.command.1.tlog
d:\gaojie\计算器\mfcapplication9\mfcapplication9\debug\mfcapplication9.tlog\cl.read.1.tlog
d:\gaojie\计算器\mfcapplication9\mfcapplication9\debug\mfcapplication9.tlog\cl.write.1.tlog
d:\gaojie\计算器\mfcapplication9\mfcapplication9\debug\mfcapplication9.tlog\link.command.1.tlog
d:\gaojie\计算器\mfcapplication9\mfcapplication9\debug\mfcapplication9.tlog\link.read.1.tlog
d:\gaojie\计算器\mfcapplication9\mfcapplication9\debug\mfcapplication9.tlog\link.write.1.tlog
d:\gaojie\计算器\mfcapplication9\mfcapplication9\debug\mfcapplication9.tlog\rc.command.1.tlog
d:\gaojie\计算器\mfcapplication9\mfcapplication9\debug\mfcapplication9.tlog\rc.read.1.tlog
d:\gaojie\计算器\mfcapplication9\mfcapplication9\debug\mfcapplication9.tlog\rc.write.1.tlog
